2025-09-02 09:34:30,768 [INFO] ==== 开始计算（2025-08-22 vs 2025-08-29）====
2025-09-02 09:34:30,769 [INFO] 加载 S&P 500 名录 ...
2025-09-02 09:34:33,751 [INFO] S&P 500 数量：503
2025-09-02 09:34:33,753 [INFO] 加载 恒生指数 名录（Excel） ...
2025-09-02 09:34:33,804 [INFO] 恒生指数 数量：85
2025-09-02 09:34:33,804 [INFO] 加载 沪深300 名录（akshare）并映射至 yfinance ...
2025-09-02 09:34:35,382 [INFO] 尝试为沪深代码选择 .SS / .SZ 后缀以匹配 yfinance ...
2025-09-02 09:36:55,170 [INFO] 沪深300 数量：300
2025-09-02 09:36:55,171 [INFO] 计算 标普500 自由流通市值 ...
2025-09-02 14:46:59,001 [INFO] ==== 开始计算（2025-08-22 vs 2025-08-29）====
2025-09-02 14:46:59,003 [INFO] 加载 S&P 500 名录 ...
2025-09-02 14:47:05,902 [INFO] S&P 500 数量：503
2025-09-02 14:47:05,902 [INFO] 加载 恒生指数 名录（Excel） ...
2025-09-02 14:47:06,162 [INFO] 恒生指数 数量：85
2025-09-02 14:47:06,162 [INFO] 加载 沪深300 名录（akshare）并映射至 yfinance ...
2025-09-02 14:47:07,980 [INFO] 尝试为沪深代码选择 .SS / .SZ 后缀以匹配 yfinance ...
2025-09-02 14:49:18,410 [INFO] 沪深300 数量：300
2025-09-02 14:49:18,410 [INFO] 计算 标普500 自由流通市值 ...
2025-09-02 15:11:44,685 [INFO] S&P 500: 开始二次尝试获取首轮失败的个股，共 7 只 ...
2025-09-02 15:12:02,022 [INFO] S&P 500: 二次尝试恢复 —— 旧日 4 / 新日 7
2025-09-02 15:12:02,039 [INFO] S&P 500: 个股明细（收盘价/股本/市值）已保存：output\raw_data\per_ticker_details_S&P 500_2025-08-22_vs_2025-08-29.csv（503 行）
2025-09-02 15:12:02,041 [INFO] S&P 500: 未获取到价格/股本的股票清单已保存：output\raw_data\missing_S&P 500_2025-08-22_vs_2025-08-29.csv（7 只）
2025-09-02 15:12:02,042 [INFO] S&P 500: 缺失(旧日)0 / 缺失(新日)0
2025-09-02 15:12:02,042 [INFO] 计算 恒生指数 自由流通市值 ...
2025-09-02 15:15:16,490 [INFO] HSI: 个股明细（收盘价/股本/市值）已保存：output\raw_data\per_ticker_details_HSI_2025-08-22_vs_2025-08-29.csv（85 行）
2025-09-02 15:15:16,491 [INFO] HSI: 缺失(旧日)0 / 缺失(新日)0
2025-09-02 15:15:16,491 [INFO] 计算 沪深300 自由流通市值 ...
2025-09-02 15:27:08,801 [INFO] HS300: 开始二次尝试获取首轮失败的个股，共 3 只 ...
2025-09-02 15:27:17,546 [INFO] HS300: 二次尝试恢复 —— 旧日 3 / 新日 3
2025-09-02 15:27:17,556 [INFO] HS300: 个股明细（收盘价/股本/市值）已保存：output\raw_data\per_ticker_details_HS300_2025-08-22_vs_2025-08-29.csv（282 行）
2025-09-02 15:27:17,559 [INFO] HS300: 未获取到价格/股本的股票清单已保存：output\raw_data\missing_HS300_2025-08-22_vs_2025-08-29.csv（3 只）
2025-09-02 15:27:17,560 [INFO] HS300: 缺失(旧日)0 / 缺失(新日)0
2025-09-02 15:27:17,563 [INFO] 结果已保存：output\raw_data\index_freefloat_caps_2025-08-22_vs_2025-08-29.json
2025-09-02 15:27:17,564 [INFO] 日志文件：output\raw_data\index_freefloat_cap.log
