2025-09-30 22:24:25,880 - INFO - 
2025-09-30 22:24:25,882 - INFO - === 3. 利率分析 ===
2025-09-30 22:24:53,205 - INFO - 完成利率数据获取，各表行数：{'US_fed': (50, 5), 'CN_lpr_1m': (80, 2), 'CN_interbank_1d': (2000, 3), 'CN_interbank_1m': (2000, 3), 'HK_interbank_1d': (2000, 3), 'HK_interbank_1m': (2000, 3), 'HK_interbank_1m_cny': (2000, 3)}
2025-09-30 22:24:53,271 - INFO - 已保存原始数据：output/raw_data\interest_rate_US_fed.xlsx
2025-09-30 22:24:53,285 - INFO - 已保存原始数据：output/raw_data\interest_rate_CN_lpr_1m.xlsx
2025-09-30 22:24:53,344 - INFO - 已保存原始数据：output/raw_data\interest_rate_CN_interbank_1d.xlsx
2025-09-30 22:24:53,403 - INFO - 已保存原始数据：output/raw_data\interest_rate_CN_interbank_1m.xlsx
2025-09-30 22:24:53,458 - INFO - 已保存原始数据：output/raw_data\interest_rate_HK_interbank_1d.xlsx
2025-09-30 22:24:53,514 - INFO - 已保存原始数据：output/raw_data\interest_rate_HK_interbank_1m.xlsx
2025-09-30 22:24:53,574 - INFO - 已保存原始数据：output/raw_data\interest_rate_HK_interbank_1m_cny.xlsx
2025-09-30 22:24:53,575 - INFO - ============================================================
2025-09-30 22:24:53,575 - INFO - 开始处理指标：US_fed
2025-09-30 22:24:53,576 - INFO - 原始数据形状：(50, 5)  列：['商品', '日期', '今值', '预测值', '前值']
2025-09-30 22:24:53,578 - INFO - 最新值：US_fed = 4.500000 ，日期 = 2025-07-31
2025-09-30 22:24:53,578 - INFO - MoM[US_fed]：当前=4.500000@2025-07-31，上一条=4.500000@2025-06-19，MoM=0.000000
2025-09-30 22:24:53,580 - INFO - YoY：目标日=2024-08-15，选中=5.500000@2024-08-01，YoY=-0.181818
2025-09-30 22:24:53,583 - INFO - 5年均值：区间=2020-09 to 2025-09，点数=21，跨度≈5.0年，均值=3.178571
2025-09-30 22:24:53,584 - INFO - ============================================================
2025-09-30 22:24:53,584 - INFO - 开始处理指标：CN_lpr_1m
2025-09-30 22:24:53,585 - INFO - 原始数据形状：(80, 2)  列：['日期', '今值']
2025-09-30 22:24:53,586 - INFO - 最新值：CN_lpr_1m = 3.000000 ，日期 = 2025-09-22
2025-09-30 22:24:53,587 - INFO - MoM[LPR]：目标日=2025-08-23，窗口=[2025-08-13, 2025-09-02]，选中=3.000000@2025-08-20，MoM=0.000000
2025-09-30 22:24:53,588 - INFO - YoY：目标日=2024-10-07，选中=3.350000@2024-09-20，YoY=-0.104478
2025-09-30 22:24:53,591 - INFO - 5年均值：区间=2020-12 to 2025-09，点数=20，跨度≈4.8年，均值=3.522500
2025-09-30 22:24:53,591 - INFO - ============================================================
2025-09-30 22:24:53,592 - INFO - 开始处理指标：CN_interbank_1d
2025-09-30 22:24:53,592 - INFO - 原始数据形状：(2000, 3)  列：['报告日', '利率', '涨跌']
2025-09-30 22:24:53,594 - INFO - 最新值：CN_interbank_1d = 1.372700 ，日期 = 2025-09-29
2025-09-30 22:24:53,595 - INFO - MoM[通用]：目标日=2025-08-30，选中=1.367400@2025-08-29，MoM=0.003876
2025-09-30 22:24:53,597 - INFO - YoY：目标日=2024-09-29，选中=1.383100@2024-09-29，YoY=-0.007519
2025-09-30 22:24:53,599 - INFO - 5年均值：区间=2020-09 to 2025-09，点数=61，跨度≈5.0年，均值=1.924203
2025-09-30 22:24:53,600 - INFO - ============================================================
2025-09-30 22:24:53,600 - INFO - 开始处理指标：CN_interbank_1m
2025-09-30 22:24:53,601 - INFO - 原始数据形状：(2000, 3)  列：['报告日', '利率', '涨跌']
2025-09-30 22:24:53,602 - INFO - 最新值：CN_interbank_1m = 1.666800 ，日期 = 2025-09-29
2025-09-30 22:24:53,603 - INFO - MoM[通用]：目标日=2025-08-30，选中=1.840000@2025-08-29，MoM=-0.094130
2025-09-30 22:24:53,605 - INFO - YoY：目标日=2024-09-29，选中=2.075200@2024-09-29，YoY=-0.196800
2025-09-30 22:24:53,607 - INFO - 5年均值：区间=2020-09 to 2025-09，点数=61，跨度≈5.0年，均值=2.740043
2025-09-30 22:24:53,608 - INFO - ============================================================
2025-09-30 22:24:53,608 - INFO - 开始处理指标：HK_interbank_1d
2025-09-30 22:24:53,609 - INFO - 原始数据形状：(2000, 3)  列：['报告日', '利率', '涨跌']
2025-09-30 22:24:53,610 - INFO - 最新值：HK_interbank_1d = 5.017980 ，日期 = 2025-09-30
2025-09-30 22:24:53,612 - INFO - MoM[通用]：目标日=2025-08-31，选中=4.000120@2025-08-29，MoM=0.254457
2025-09-30 22:24:53,613 - INFO - YoY：目标日=2024-09-30，选中=6.392620@2024-09-30，YoY=-0.215035
2025-09-30 22:24:53,616 - INFO - 5年均值：区间=2020-09 to 2025-09，点数=61，跨度≈5.0年，均值=2.502928
2025-09-30 22:24:53,616 - INFO - ============================================================
2025-09-30 22:24:53,617 - INFO - 开始处理指标：HK_interbank_1m
2025-09-30 22:24:53,617 - INFO - 原始数据形状：(2000, 3)  列：['报告日', '利率', '涨跌']
2025-09-30 22:24:53,619 - INFO - 最新值：HK_interbank_1m = 3.537620 ，日期 = 2025-09-30
2025-09-30 22:24:53,620 - INFO - MoM[通用]：目标日=2025-08-31，选中=3.296550@2025-08-29，MoM=0.073128
2025-09-30 22:24:53,621 - INFO - YoY：目标日=2024-09-30，选中=4.321010@2024-09-30，YoY=-0.181298
2025-09-30 22:24:53,624 - INFO - 5年均值：区间=2020-09 to 2025-09，点数=61，跨度≈5.0年，均值=2.486540
2025-09-30 22:24:53,624 - INFO - ============================================================
2025-09-30 22:24:53,625 - INFO - 开始处理指标：HK_interbank_1m_cny
2025-09-30 22:24:53,625 - INFO - 原始数据形状：(2000, 3)  列：['报告日', '利率', '涨跌']
2025-09-30 22:24:53,626 - INFO - 最新值：HK_interbank_1m_cny = 1.713640 ，日期 = 2025-09-29
2025-09-30 22:24:53,628 - INFO - MoM[通用]：目标日=2025-08-30，选中=1.657950@2025-08-29，MoM=0.033590
2025-09-30 22:24:53,629 - INFO - YoY：目标日=2024-09-29，选中=1.981970@2024-09-27，YoY=-0.135386
2025-09-30 22:24:53,632 - INFO - 5年均值：区间=2020-09 to 2025-09，点数=61，跨度≈5.0年，均值=2.703730
2025-09-30 22:24:53,633 - INFO - 指标汇总（未经映射）：
                region  current_value  ... five_year_avg          date_range
0               US_fed        4.50000  ...      3.178571  2020-09 to 2025-09
1            CN_lpr_1m        3.00000  ...      3.522500  2020-12 to 2025-09
2      CN_interbank_1d        1.37270  ...      1.924203  2020-09 to 2025-09
3      CN_interbank_1m        1.66680  ...      2.740043  2020-09 to 2025-09
4      HK_interbank_1d        5.01798  ...      2.502928  2020-09 to 2025-09
5      HK_interbank_1m        3.53762  ...      2.486540  2020-09 to 2025-09
6  HK_interbank_1m_cny        1.71364  ...      2.703730  2020-09 to 2025-09

[7 rows x 7 columns]
2025-09-30 22:24:53,659 - INFO - 已保存指标表：output/interest_rate_metrics.xlsx
2025-09-30 22:24:54,055 - INFO - 已保存走势图：output\interest_rate_trend_2y.png
2025-09-30 22:33:45,729 - INFO - === 3. 利率分析 ===
2025-09-30 22:34:09,571 - INFO - 完成利率数据获取，各表行数：{'US_fed': (50, 5), 'CN_lpr_1m': (80, 2), 'CN_interbank_1d': (2000, 3), 'CN_interbank_1m': (2000, 3), 'HK_interbank_1d': (2000, 3), 'HK_interbank_1m': (2000, 3), 'HK_interbank_1m_cny': (2000, 3)}
2025-09-30 22:34:09,613 - INFO - 已保存原始数据：output/raw_data\interest_rate_US_fed.xlsx
2025-09-30 22:34:09,636 - INFO - 已保存原始数据：output/raw_data\interest_rate_CN_lpr_1m.xlsx
2025-09-30 22:34:09,780 - INFO - 已保存原始数据：output/raw_data\interest_rate_CN_interbank_1d.xlsx
2025-09-30 22:34:09,917 - INFO - 已保存原始数据：output/raw_data\interest_rate_CN_interbank_1m.xlsx
2025-09-30 22:34:10,055 - INFO - 已保存原始数据：output/raw_data\interest_rate_HK_interbank_1d.xlsx
2025-09-30 22:34:10,165 - INFO - 已保存原始数据：output/raw_data\interest_rate_HK_interbank_1m.xlsx
2025-09-30 22:34:10,270 - INFO - 已保存原始数据：output/raw_data\interest_rate_HK_interbank_1m_cny.xlsx
2025-09-30 22:34:10,270 - INFO - ============================================================
2025-09-30 22:34:10,270 - INFO - 开始处理指标：US_fed
2025-09-30 22:34:10,270 - INFO - 原始数据形状：(50, 5)  列：['商品', '日期', '今值', '预测值', '前值']
2025-09-30 22:34:10,271 - INFO - 最新值：US_fed = 4.500000 ，日期 = 2025-07-31
2025-09-30 22:34:10,271 - INFO - MoM[US_fed]：当前=4.500000@2025-07-31，上一条=4.500000@2025-06-19，MoM=0.000000
2025-09-30 22:34:10,272 - INFO - YoY：目标日=2024-08-15，选中=5.500000@2024-08-01，YoY=-0.181818
2025-09-30 22:34:10,274 - INFO - 5年均值：区间=2020-09 to 2025-09，点数=21，跨度≈5.0年，均值=3.178571
2025-09-30 22:34:10,274 - INFO - ============================================================
2025-09-30 22:34:10,274 - INFO - 开始处理指标：CN_lpr_1m
2025-09-30 22:34:10,274 - INFO - 原始数据形状：(80, 2)  列：['日期', '今值']
2025-09-30 22:34:10,275 - INFO - 最新值：CN_lpr_1m = 3.000000 ，日期 = 2025-09-22
2025-09-30 22:34:10,276 - INFO - MoM[LPR]：目标日=2025-08-23，窗口=[2025-08-13, 2025-09-02]，选中=3.000000@2025-08-20，MoM=0.000000
2025-09-30 22:34:10,276 - INFO - YoY：目标日=2024-10-07，选中=3.350000@2024-09-20，YoY=-0.104478
2025-09-30 22:34:10,278 - INFO - 5年均值：区间=2020-12 to 2025-09，点数=20，跨度≈4.8年，均值=3.522500
2025-09-30 22:34:10,278 - INFO - ============================================================
2025-09-30 22:34:10,278 - INFO - 开始处理指标：CN_interbank_1d
2025-09-30 22:34:10,278 - INFO - 原始数据形状：(2000, 3)  列：['报告日', '利率', '涨跌']
2025-09-30 22:34:10,280 - INFO - 最新值：CN_interbank_1d = 1.372700 ，日期 = 2025-09-29
2025-09-30 22:34:10,282 - INFO - MoM[通用]：目标日=2025-08-30，选中=1.367400@2025-08-29，MoM=0.003876
2025-09-30 22:34:10,283 - INFO - YoY：目标日=2024-09-29，选中=1.383100@2024-09-29，YoY=-0.007519
2025-09-30 22:34:10,289 - INFO - 5年均值：区间=2020-09 to 2025-09，点数=61，跨度≈5.0年，均值=1.924203
2025-09-30 22:34:10,289 - INFO - ============================================================
2025-09-30 22:34:10,289 - INFO - 开始处理指标：CN_interbank_1m
2025-09-30 22:34:10,289 - INFO - 原始数据形状：(2000, 3)  列：['报告日', '利率', '涨跌']
2025-09-30 22:34:10,290 - INFO - 最新值：CN_interbank_1m = 1.666800 ，日期 = 2025-09-29
2025-09-30 22:34:10,292 - INFO - MoM[通用]：目标日=2025-08-30，选中=1.840000@2025-08-29，MoM=-0.094130
2025-09-30 22:34:10,293 - INFO - YoY：目标日=2024-09-29，选中=2.075200@2024-09-29，YoY=-0.196800
2025-09-30 22:34:10,298 - INFO - 5年均值：区间=2020-09 to 2025-09，点数=61，跨度≈5.0年，均值=2.740043
2025-09-30 22:34:10,298 - INFO - ============================================================
2025-09-30 22:34:10,298 - INFO - 开始处理指标：HK_interbank_1d
2025-09-30 22:34:10,298 - INFO - 原始数据形状：(2000, 3)  列：['报告日', '利率', '涨跌']
2025-09-30 22:34:10,300 - INFO - 最新值：HK_interbank_1d = 5.017980 ，日期 = 2025-09-30
2025-09-30 22:34:10,301 - INFO - MoM[通用]：目标日=2025-08-31，选中=4.000120@2025-08-29，MoM=0.254457
2025-09-30 22:34:10,302 - INFO - YoY：目标日=2024-09-30，选中=6.392620@2024-09-30，YoY=-0.215035
2025-09-30 22:34:10,307 - INFO - 5年均值：区间=2020-09 to 2025-09，点数=61，跨度≈5.0年，均值=2.502928
2025-09-30 22:34:10,307 - INFO - ============================================================
2025-09-30 22:34:10,307 - INFO - 开始处理指标：HK_interbank_1m
2025-09-30 22:34:10,307 - INFO - 原始数据形状：(2000, 3)  列：['报告日', '利率', '涨跌']
2025-09-30 22:34:10,308 - INFO - 最新值：HK_interbank_1m = 3.537620 ，日期 = 2025-09-30
2025-09-30 22:34:10,310 - INFO - MoM[通用]：目标日=2025-08-31，选中=3.296550@2025-08-29，MoM=0.073128
2025-09-30 22:34:10,311 - INFO - YoY：目标日=2024-09-30，选中=4.321010@2024-09-30，YoY=-0.181298
2025-09-30 22:34:10,316 - INFO - 5年均值：区间=2020-09 to 2025-09，点数=61，跨度≈5.0年，均值=2.486540
2025-09-30 22:34:10,316 - INFO - ============================================================
2025-09-30 22:34:10,316 - INFO - 开始处理指标：HK_interbank_1m_cny
2025-09-30 22:34:10,316 - INFO - 原始数据形状：(2000, 3)  列：['报告日', '利率', '涨跌']
2025-09-30 22:34:10,317 - INFO - 最新值：HK_interbank_1m_cny = 1.713640 ，日期 = 2025-09-29
2025-09-30 22:34:10,319 - INFO - MoM[通用]：目标日=2025-08-30，选中=1.657950@2025-08-29，MoM=0.033590
2025-09-30 22:34:10,320 - INFO - YoY：目标日=2024-09-29，选中=1.981970@2024-09-27，YoY=-0.135386
2025-09-30 22:34:10,324 - INFO - 5年均值：区间=2020-09 to 2025-09，点数=61，跨度≈5.0年，均值=2.703730
2025-09-30 22:34:10,325 - INFO - 指标汇总（未经映射）：
                region  current_value  ... five_year_avg          date_range
0               US_fed        4.50000  ...      3.178571  2020-09 to 2025-09
1            CN_lpr_1m        3.00000  ...      3.522500  2020-12 to 2025-09
2      CN_interbank_1d        1.37270  ...      1.924203  2020-09 to 2025-09
3      CN_interbank_1m        1.66680  ...      2.740043  2020-09 to 2025-09
4      HK_interbank_1d        5.01798  ...      2.502928  2020-09 to 2025-09
5      HK_interbank_1m        3.53762  ...      2.486540  2020-09 to 2025-09
6  HK_interbank_1m_cny        1.71364  ...      2.703730  2020-09 to 2025-09

[7 rows x 7 columns]
2025-09-30 22:34:10,361 - INFO - 已保存指标表：output/interest_rate_metrics.xlsx
2025-09-30 22:34:11,016 - INFO - 已保存走势图：output\interest_rate_trend_2y.png
2025-09-30 22:40:45,618 - INFO - 
2025-09-30 22:40:45,618 - INFO - === 3. 利率分析 ===
2025-09-30 22:41:07,424 - INFO - 完成利率数据获取，各表行数：{'US_fed': (50, 5), 'CN_lpr_1m': (80, 2), 'CN_interbank_1d': (2000, 3), 'CN_interbank_1m': (2000, 3), 'HK_interbank_1d': (2000, 3), 'HK_interbank_1m': (2000, 3), 'HK_interbank_1m_cny': (2000, 3)}
2025-09-30 22:41:07,467 - INFO - 已保存原始数据：output/raw_data\interest_rate_US_fed.xlsx
2025-09-30 22:41:07,480 - INFO - 已保存原始数据：output/raw_data\interest_rate_CN_lpr_1m.xlsx
2025-09-30 22:41:07,540 - INFO - 已保存原始数据：output/raw_data\interest_rate_CN_interbank_1d.xlsx
2025-09-30 22:41:07,600 - INFO - 已保存原始数据：output/raw_data\interest_rate_CN_interbank_1m.xlsx
2025-09-30 22:41:07,660 - INFO - 已保存原始数据：output/raw_data\interest_rate_HK_interbank_1d.xlsx
2025-09-30 22:41:07,719 - INFO - 已保存原始数据：output/raw_data\interest_rate_HK_interbank_1m.xlsx
2025-09-30 22:41:07,778 - INFO - 已保存原始数据：output/raw_data\interest_rate_HK_interbank_1m_cny.xlsx
2025-09-30 22:41:07,779 - INFO - ============================================================
2025-09-30 22:41:07,779 - INFO - 开始处理指标：US_fed
2025-09-30 22:41:07,780 - INFO - 原始数据形状：(50, 5)  列：['商品', '日期', '今值', '预测值', '前值']
2025-09-30 22:41:07,781 - INFO - 最新值：US_fed = 4.500000 ，日期 = 2025-07-31
2025-09-30 22:41:07,782 - INFO - MoM[US_fed]：当前=4.500000@2025-07-31，上一条=4.500000@2025-06-19，MoM=0.000000
2025-09-30 22:41:07,784 - INFO - YoY：目标日=2024-08-15，选中=5.500000@2024-08-01，YoY=-0.181818
2025-09-30 22:41:07,786 - INFO - 5年均值：区间=2020-09 to 2025-09，点数=21，跨度≈5.0年，均值=3.178571
2025-09-30 22:41:07,787 - INFO - ============================================================
2025-09-30 22:41:07,787 - INFO - 开始处理指标：CN_lpr_1m
2025-09-30 22:41:07,788 - INFO - 原始数据形状：(80, 2)  列：['日期', '今值']
2025-09-30 22:41:07,789 - INFO - 最新值：CN_lpr_1m = 3.000000 ，日期 = 2025-09-22
2025-09-30 22:41:07,790 - INFO - MoM[LPR]：目标日=2025-08-23，窗口=[2025-08-13, 2025-09-02]，选中=3.000000@2025-08-20，MoM=0.000000
2025-09-30 22:41:07,792 - INFO - YoY：目标日=2024-10-07，选中=3.350000@2024-09-20，YoY=-0.104478
2025-09-30 22:41:07,795 - INFO - 5年均值：区间=2020-12 to 2025-09，点数=20，跨度≈4.8年，均值=3.522500
2025-09-30 22:41:07,795 - INFO - ============================================================
2025-09-30 22:41:07,796 - INFO - 开始处理指标：CN_interbank_1d
2025-09-30 22:41:07,796 - INFO - 原始数据形状：(2000, 3)  列：['报告日', '利率', '涨跌']
2025-09-30 22:41:07,798 - INFO - 最新值：CN_interbank_1d = 1.410800 ，日期 = 2025-09-30
2025-09-30 22:41:07,799 - INFO - MoM[通用]：目标日=2025-08-31，选中=1.367400@2025-08-29，MoM=0.031739
2025-09-30 22:41:07,800 - INFO - YoY：目标日=2024-09-30，选中=1.598800@2024-09-30，YoY=-0.117588
2025-09-30 22:41:07,803 - INFO - 5年均值：区间=2020-09 to 2025-09，点数=61，跨度≈5.0年，均值=1.924828
2025-09-30 22:41:07,804 - INFO - ============================================================
2025-09-30 22:41:07,804 - INFO - 开始处理指标：CN_interbank_1m
2025-09-30 22:41:07,804 - INFO - 原始数据形状：(2000, 3)  列：['报告日', '利率', '涨跌']
2025-09-30 22:41:07,806 - INFO - 最新值：CN_interbank_1m = 1.829400 ，日期 = 2025-09-30
2025-09-30 22:41:07,807 - INFO - MoM[通用]：目标日=2025-08-31，选中=1.840000@2025-08-29，MoM=-0.005761
2025-09-30 22:41:07,809 - INFO - YoY：目标日=2024-09-30，选中=2.483300@2024-09-30，YoY=-0.263319
2025-09-30 22:41:07,811 - INFO - 5年均值：区间=2020-09 to 2025-09，点数=61，跨度≈5.0年，均值=2.742708
2025-09-30 22:41:07,812 - INFO - ============================================================
2025-09-30 22:41:07,812 - INFO - 开始处理指标：HK_interbank_1d
2025-09-30 22:41:07,813 - INFO - 原始数据形状：(2000, 3)  列：['报告日', '利率', '涨跌']
2025-09-30 22:41:07,814 - INFO - 最新值：HK_interbank_1d = 5.017980 ，日期 = 2025-09-30
2025-09-30 22:41:07,816 - INFO - MoM[通用]：目标日=2025-08-31，选中=4.000120@2025-08-29，MoM=0.254457
2025-09-30 22:41:07,817 - INFO - YoY：目标日=2024-09-30，选中=6.392620@2024-09-30，YoY=-0.215035
2025-09-30 22:41:07,820 - INFO - 5年均值：区间=2020-09 to 2025-09，点数=61，跨度≈5.0年，均值=2.502928
2025-09-30 22:41:07,820 - INFO - ============================================================
2025-09-30 22:41:07,820 - INFO - 开始处理指标：HK_interbank_1m
2025-09-30 22:41:07,821 - INFO - 原始数据形状：(2000, 3)  列：['报告日', '利率', '涨跌']
2025-09-30 22:41:07,822 - INFO - 最新值：HK_interbank_1m = 3.537620 ，日期 = 2025-09-30
2025-09-30 22:41:07,824 - INFO - MoM[通用]：目标日=2025-08-31，选中=3.296550@2025-08-29，MoM=0.073128
2025-09-30 22:41:07,825 - INFO - YoY：目标日=2024-09-30，选中=4.321010@2024-09-30，YoY=-0.181298
2025-09-30 22:41:07,828 - INFO - 5年均值：区间=2020-09 to 2025-09，点数=61，跨度≈5.0年，均值=2.486540
2025-09-30 22:41:07,828 - INFO - ============================================================
2025-09-30 22:41:07,829 - INFO - 开始处理指标：HK_interbank_1m_cny
2025-09-30 22:41:07,829 - INFO - 原始数据形状：(2000, 3)  列：['报告日', '利率', '涨跌']
2025-09-30 22:41:07,830 - INFO - 最新值：HK_interbank_1m_cny = 1.713640 ，日期 = 2025-09-29
2025-09-30 22:41:07,832 - INFO - MoM[通用]：目标日=2025-08-30，选中=1.657950@2025-08-29，MoM=0.033590
2025-09-30 22:41:07,833 - INFO - YoY：目标日=2024-09-29，选中=1.981970@2024-09-27，YoY=-0.135386
2025-09-30 22:41:07,836 - INFO - 5年均值：区间=2020-09 to 2025-09，点数=61，跨度≈5.0年，均值=2.703730
2025-09-30 22:41:07,837 - INFO - 指标汇总（未经映射）：
                region  current_value  ... five_year_avg          date_range
0               US_fed        4.50000  ...      3.178571  2020-09 to 2025-09
1            CN_lpr_1m        3.00000  ...      3.522500  2020-12 to 2025-09
2      CN_interbank_1d        1.41080  ...      1.924828  2020-09 to 2025-09
3      CN_interbank_1m        1.82940  ...      2.742708  2020-09 to 2025-09
4      HK_interbank_1d        5.01798  ...      2.502928  2020-09 to 2025-09
5      HK_interbank_1m        3.53762  ...      2.486540  2020-09 to 2025-09
6  HK_interbank_1m_cny        1.71364  ...      2.703730  2020-09 to 2025-09

[7 rows x 7 columns]
2025-09-30 22:41:07,862 - INFO - 已保存指标表：output/interest_rate_metrics.xlsx
2025-09-30 22:41:07,862 - INFO - 指标表（映射后）：
     区域   货币                  利率久期  ...  YoY(%)  5年均值              5年均值日期
0    美国  USD  US Federal Fund Rate  ...   -18.2  3.18  2020-09 to 2025-09
1    中国  CNY            中国央行LPR 1年  ...   -10.4  3.52  2020-12 to 2025-09
2  None  CNY             Chibor 隔夜  ...   -11.8  1.92  2020-09 to 2025-09
3  None  CNY             Chibor 1月  ...   -26.3  2.74  2020-09 to 2025-09
4    香港  HKD              HIBOR 隔夜  ...   -21.5  2.50  2020-09 to 2025-09
5  None  HKD              HIBOR 1月  ...   -18.1  2.49  2020-09 to 2025-09
6  None  CNY           HIBOR人民币 1月  ...   -13.5  2.70  2020-09 to 2025-09

[7 rows x 9 columns]
2025-09-30 22:41:08,222 - INFO - 已保存走势图：output\interest_rate_trend_2y.png
