2025-09-01 15:36:59,640 - DEBUG - 加载上海金基准价失败：Unalignable boolean Series provided as indexer (index of the boolean Series and of the indexed object do not match).
2025-09-01 15:37:00,153 - DEBUG - 
===== GLD | 黄金ETF =====
2025-09-01 15:37:00,153 - DEBUG - [收盘] 结束日期: 2025-08-29  当前收盘: 318.070007
2025-09-01 15:37:00,154 - DEBUG - [短期] 起止日期: 2025-07-29 -> 2025-08-29
2025-09-01 15:37:00,154 - DEBUG - [短期] 首末价: 306.250000 -> 318.070007  总收益R = 0.038596
2025-09-01 15:37:00,154 - DEBUG - [短期] 交易日数N = 24  年化指数k = 252/N = 10.500000
2025-09-01 15:37:00,154 - DEBUG - [短期] 年化收益率 = (1+R)^k - 1 = (1+0.038596)^10.500000 - 1 = 0.488297  -> 48.8297%
2025-09-01 15:37:00,154 - DEBUG - [短期] 日波动率 = std(daily returns) = 0.008158
2025-09-01 15:37:00,154 - DEBUG - [短期] 年化波动率 = 日波动率 * sqrt(252) = 0.008158 * 15.874508 = 0.129500  -> 12.9500%
2025-09-01 15:37:00,154 - DEBUG - [短期] Sharpe = (年化收益率 - 0.045) / 年化波动率 = (0.488297 - 0.045) / 0.129500 = 3.423143
2025-09-01 15:37:00,155 - DEBUG - [中期] 起止日期: 2024-08-29 -> 2025-08-29
2025-09-01 15:37:00,155 - DEBUG - [中期] 首末价: 232.949997 -> 318.070007  总收益R = 0.365400
2025-09-01 15:37:00,155 - DEBUG - [中期] 交易日数N = 251  年化指数k = 252/N = 1.003984
2025-09-01 15:37:00,155 - DEBUG - [中期] 年化收益率 = (1+R)^k - 1 = (1+0.365400)^1.003984 - 1 = 0.367096  -> 36.7096%
2025-09-01 15:37:00,155 - DEBUG - [中期] 日波动率 = std(daily returns) = 0.010959
2025-09-01 15:37:00,155 - DEBUG - [中期] 年化波动率 = 日波动率 * sqrt(252) = 0.010959 * 15.874508 = 0.173964  -> 17.3964%
2025-09-01 15:37:00,155 - DEBUG - [中期] Sharpe = (年化收益率 - 0.045) / 年化波动率 = (0.367096 - 0.045) / 0.173964 = 1.851505
2025-09-01 15:37:00,155 - DEBUG - [长期] 起止日期: 2020-08-31 -> 2025-08-29
2025-09-01 15:37:00,155 - DEBUG - [长期] 首末价: 184.830002 -> 318.070007  总收益R = 0.720879
2025-09-01 15:37:00,155 - DEBUG - [长期] 交易日数N = 1256  年化指数k = 252/N = 0.200637
2025-09-01 15:37:00,155 - DEBUG - [长期] 年化收益率 = (1+R)^k - 1 = (1+0.720879)^0.200637 - 1 = 0.115065  -> 11.5065%
2025-09-01 15:37:00,155 - DEBUG - [长期] 日波动率 = std(daily returns) = 0.009476
2025-09-01 15:37:00,155 - DEBUG - [长期] 年化波动率 = 日波动率 * sqrt(252) = 0.009476 * 15.874508 = 0.150434  -> 15.0434%
2025-09-01 15:37:00,155 - DEBUG - [长期] Sharpe = (年化收益率 - 0.045) / 年化波动率 = (0.115065 - 0.045) / 0.150434 = 0.465753
2025-09-01 15:37:00,158 - DEBUG - 
===== CL=F | 原油期货 =====
2025-09-01 15:37:00,158 - DEBUG - [收盘] 结束日期: 2025-09-01  当前收盘: 64.330002
2025-09-01 15:37:00,158 - DEBUG - [短期] 起止日期: 2025-08-01 -> 2025-09-01
2025-09-01 15:37:00,159 - DEBUG - [短期] 首末价: 67.330002 -> 64.330002  总收益R = -0.044557
2025-09-01 15:37:00,159 - DEBUG - [短期] 交易日数N = 22  年化指数k = 252/N = 11.454545
2025-09-01 15:37:00,159 - DEBUG - [短期] 年化收益率 = (1+R)^k - 1 = (1+-0.044557)^11.454545 - 1 = -0.406724  -> -40.6724%
2025-09-01 15:37:00,159 - DEBUG - [短期] 日波动率 = std(daily returns) = 0.014011
2025-09-01 15:37:00,159 - DEBUG - [短期] 年化波动率 = 日波动率 * sqrt(252) = 0.014011 * 15.874508 = 0.222417  -> 22.2417%
2025-09-01 15:37:00,159 - DEBUG - [短期] Sharpe = (年化收益率 - 0.045) / 年化波动率 = (-0.406724 - 0.045) / 0.222417 = -2.030980
2025-09-01 15:37:00,159 - DEBUG - [中期] 起止日期: 2024-09-03 -> 2025-09-01
2025-09-01 15:37:00,159 - DEBUG - [中期] 首末价: 70.339996 -> 64.330002  总收益R = -0.085442
2025-09-01 15:37:00,159 - DEBUG - [中期] 交易日数N = 252  年化指数k = 252/N = 1.000000
2025-09-01 15:37:00,159 - DEBUG - [中期] 年化收益率 = (1+R)^k - 1 = (1+-0.085442)^1.000000 - 1 = -0.085442  -> -8.5442%
2025-09-01 15:37:00,159 - DEBUG - [中期] 日波动率 = std(daily returns) = 0.021135
2025-09-01 15:37:00,159 - DEBUG - [中期] 年化波动率 = 日波动率 * sqrt(252) = 0.021135 * 15.874508 = 0.335506  -> 33.5506%
2025-09-01 15:37:00,159 - DEBUG - [中期] Sharpe = (年化收益率 - 0.045) / 年化波动率 = (-0.085442 - 0.045) / 0.335506 = -0.388792
2025-09-01 15:37:00,159 - DEBUG - [长期] 起止日期: 2020-09-01 -> 2025-09-01
2025-09-01 15:37:00,159 - DEBUG - [长期] 首末价: 42.759998 -> 64.330002  总收益R = 0.504444
2025-09-01 15:37:00,159 - DEBUG - [长期] 交易日数N = 1258  年化指数k = 252/N = 0.200318
2025-09-01 15:37:00,160 - DEBUG - [长期] 年化收益率 = (1+R)^k - 1 = (1+0.504444)^0.200318 - 1 = 0.085254  -> 8.5254%
2025-09-01 15:37:00,160 - DEBUG - [长期] 日波动率 = std(daily returns) = 0.023319
2025-09-01 15:37:00,160 - DEBUG - [长期] 年化波动率 = 日波动率 * sqrt(252) = 0.023319 * 15.874508 = 0.370172  -> 37.0172%
2025-09-01 15:37:00,160 - DEBUG - [长期] Sharpe = (年化收益率 - 0.045) / 年化波动率 = (0.085254 - 0.045) / 0.370172 = 0.108745
2025-09-01 15:37:00,162 - DEBUG - 
===== HG=F | 铜期货 =====
2025-09-01 15:37:00,162 - DEBUG - [收盘] 结束日期: 2025-09-01  当前收盘: 4.601500
2025-09-01 15:37:00,162 - DEBUG - [短期] 起止日期: 2025-08-01 -> 2025-09-01
2025-09-01 15:37:00,162 - DEBUG - [短期] 首末价: 4.412500 -> 4.601500  总收益R = 0.042833
2025-09-01 15:37:00,162 - DEBUG - [短期] 交易日数N = 22  年化指数k = 252/N = 11.454545
2025-09-01 15:37:00,162 - DEBUG - [短期] 年化收益率 = (1+R)^k - 1 = (1+0.042833)^11.454545 - 1 = 0.616744  -> 61.6744%
2025-09-01 15:37:00,162 - DEBUG - [短期] 日波动率 = std(daily returns) = 0.009833
2025-09-01 15:37:00,162 - DEBUG - [短期] 年化波动率 = 日波动率 * sqrt(252) = 0.009833 * 15.874508 = 0.156098  -> 15.6098%
2025-09-01 15:37:00,162 - DEBUG - [短期] Sharpe = (年化收益率 - 0.045) / 年化波动率 = (0.616744 - 0.045) / 0.156098 = 3.662728
2025-09-01 15:37:00,163 - DEBUG - [中期] 起止日期: 2024-09-03 -> 2025-09-01
2025-09-01 15:37:00,163 - DEBUG - [中期] 首末价: 4.032000 -> 4.601500  总收益R = 0.141245
2025-09-01 15:37:00,163 - DEBUG - [中期] 交易日数N = 252  年化指数k = 252/N = 1.000000
2025-09-01 15:37:00,163 - DEBUG - [中期] 年化收益率 = (1+R)^k - 1 = (1+0.141245)^1.000000 - 1 = 0.141245  -> 14.1245%
2025-09-01 15:37:00,163 - DEBUG - [中期] 日波动率 = std(daily returns) = 0.023045
2025-09-01 15:37:00,163 - DEBUG - [中期] 年化波动率 = 日波动率 * sqrt(252) = 0.023045 * 15.874508 = 0.365826  -> 36.5826%
2025-09-01 15:37:00,163 - DEBUG - [中期] Sharpe = (年化收益率 - 0.045) / 年化波动率 = (0.141245 - 0.045) / 0.365826 = 0.263090
2025-09-01 15:37:00,163 - DEBUG - [长期] 起止日期: 2020-09-01 -> 2025-09-01
2025-09-01 15:37:00,163 - DEBUG - [长期] 首末价: 3.009500 -> 4.601500  总收益R = 0.528992
2025-09-01 15:37:00,163 - DEBUG - [长期] 交易日数N = 1259  年化指数k = 252/N = 0.200159
2025-09-01 15:37:00,163 - DEBUG - [长期] 年化收益率 = (1+R)^k - 1 = (1+0.528992)^0.200159 - 1 = 0.088705  -> 8.8705%
2025-09-01 15:37:00,163 - DEBUG - [长期] 日波动率 = std(daily returns) = 0.017148
2025-09-01 15:37:00,163 - DEBUG - [长期] 年化波动率 = 日波动率 * sqrt(252) = 0.017148 * 15.874508 = 0.272216  -> 27.2216%
2025-09-01 15:37:00,163 - DEBUG - [长期] Sharpe = (年化收益率 - 0.045) / 年化波动率 = (0.088705 - 0.045) / 0.272216 = 0.160553
2025-09-01 15:45:09,752 - DEBUG - 
===== GLD | 黄金ETF =====
2025-09-01 15:45:09,752 - DEBUG - [Close] 结束日期: 2025-08-29  当前值: 318.070007
2025-09-01 15:45:09,753 - DEBUG - [短期] 起止: 2025-07-29 -> 2025-08-29  首末: 306.250000->318.070007  R=0.038596
2025-09-01 15:45:09,753 - DEBUG - [短期] N=23 k=10.956522  ann_ret=0.514251  ann_vol=0.132363  sharpe=3.545180
2025-09-01 15:45:09,754 - DEBUG - [中期] 起止: 2024-08-29 -> 2025-08-29  首末: 232.949997->318.070007  R=0.365400
2025-09-01 15:45:09,754 - DEBUG - [中期] N=250 k=1.008000  ann_ret=0.368807  ann_vol=0.174270  sharpe=1.858075
2025-09-01 15:45:09,755 - DEBUG - [长期] 起止: 2020-08-31 -> 2025-08-29  首末: 184.830002->318.070007  R=0.720879
2025-09-01 15:45:09,755 - DEBUG - [长期] N=1255 k=0.200797  ann_ret=0.115162  ann_vol=0.150492  sharpe=0.466218
2025-09-01 15:45:09,757 - DEBUG - 
===== CL=F | 原油期货 =====
2025-09-01 15:45:09,757 - DEBUG - [Close] 结束日期: 2025-09-01  当前值: 64.370003
2025-09-01 15:45:09,758 - DEBUG - [短期] 起止: 2025-08-01 -> 2025-09-01  首末: 67.330002->64.370003  R=-0.043963
2025-09-01 15:45:09,758 - DEBUG - [短期] N=21 k=12.000000  ann_ret=-0.416959  ann_vol=0.209916  sharpe=-2.200682
2025-09-01 15:45:09,759 - DEBUG - [中期] 起止: 2024-09-03 -> 2025-09-01  首末: 70.339996->64.370003  R=-0.084873
2025-09-01 15:45:09,759 - DEBUG - [中期] N=251 k=1.003984  ann_ret=-0.085197  ann_vol=0.333348  sharpe=-0.390573
2025-09-01 15:45:09,759 - DEBUG - [长期] 起止: 2020-09-01 -> 2025-09-01  首末: 42.759998->64.370003  R=0.505379
2025-09-01 15:45:09,759 - DEBUG - [长期] N=1257 k=0.200477  ann_ret=0.085460  ann_vol=0.370318  sharpe=0.109258
2025-09-01 15:45:09,762 - DEBUG - 
===== HG=F | 铜期货 =====
2025-09-01 15:45:09,762 - DEBUG - [Close] 结束日期: 2025-09-01  当前值: 4.597500
2025-09-01 15:45:09,763 - DEBUG - [短期] 起止: 2025-08-01 -> 2025-09-01  首末: 4.412500->4.597500  R=0.041926
2025-09-01 15:45:09,763 - DEBUG - [短期] N=21 k=12.000000  ann_ret=0.636983  ann_vol=0.147639  sharpe=4.009678
2025-09-01 15:45:09,763 - DEBUG - [中期] 起止: 2024-09-03 -> 2025-09-01  首末: 4.032000->4.597500  R=0.140253
2025-09-01 15:45:09,763 - DEBUG - [中期] N=251 k=1.003984  ann_ret=0.140849  ann_vol=0.365435  sharpe=0.262289
2025-09-01 15:45:09,764 - DEBUG - [长期] 起止: 2020-09-01 -> 2025-09-01  首末: 3.009500->4.597500  R=0.527662
2025-09-01 15:45:09,764 - DEBUG - [长期] N=1258 k=0.200318  ann_ret=0.088589  ann_vol=0.272270  sharpe=0.160095
2025-09-01 15:45:09,767 - DEBUG - 
===== GLD | 上海金基准价 =====
2025-09-01 15:45:09,767 - DEBUG - [晚盘价] 结束日期: 2025-08-28  当前值: 782.170000
2025-09-01 15:45:09,767 - DEBUG - [短期] 起止: 2025-07-28 -> 2025-08-28  首末: 767.850000->782.170000  R=0.018649
2025-09-01 15:45:09,767 - DEBUG - [短期] N=23 k=10.956522  ann_ret=0.224401  ann_vol=0.071598  sharpe=2.505656
2025-09-01 15:45:09,768 - DEBUG - [中期] 起止: 2024-08-28 -> 2025-08-28  首末: 574.160000->782.170000  R=0.362286
2025-09-01 15:45:09,768 - DEBUG - [中期] N=242 k=1.041322  ann_ret=0.379801  ann_vol=0.150701  sharpe=2.221632
2025-09-01 15:45:09,769 - DEBUG - [长期] 起止: 2020-08-30 -> 2025-08-28  首末: 419.140000->782.170000  R=0.866131
2025-09-01 15:45:09,769 - DEBUG - [长期] N=1213 k=0.207749  ann_ret=0.138382  ann_vol=0.126022  sharpe=0.741000
2025-09-01 15:51:04,071 - DEBUG - 
===== GLD | 黄金ETF =====
2025-09-01 15:51:04,072 - DEBUG - [Close] 结束日期: 2025-08-29  当前值: 318.070007
2025-09-01 15:51:04,072 - DEBUG - [短期] 起止: 2025-07-29 -> 2025-08-29  首末: 306.250000->318.070007  R=0.038596
2025-09-01 15:51:04,072 - DEBUG - [短期] N=23 k=10.956522  ann_ret=0.514251  ann_vol=0.132363  sharpe=3.545180
2025-09-01 15:51:04,073 - DEBUG - [中期] 起止: 2024-08-29 -> 2025-08-29  首末: 232.949997->318.070007  R=0.365400
2025-09-01 15:51:04,073 - DEBUG - [中期] N=250 k=1.008000  ann_ret=0.368807  ann_vol=0.174270  sharpe=1.858075
2025-09-01 15:51:04,073 - DEBUG - [长期] 起止: 2020-08-31 -> 2025-08-29  首末: 184.830002->318.070007  R=0.720879
2025-09-01 15:51:04,073 - DEBUG - [长期] N=1255 k=0.200797  ann_ret=0.115162  ann_vol=0.150492  sharpe=0.466218
2025-09-01 15:51:04,075 - DEBUG - 
===== CL=F | 原油期货 =====
2025-09-01 15:51:04,075 - DEBUG - [Close] 结束日期: 2025-09-01  当前值: 64.370003
2025-09-01 15:51:04,076 - DEBUG - [短期] 起止: 2025-08-01 -> 2025-09-01  首末: 67.330002->64.370003  R=-0.043963
2025-09-01 15:51:04,076 - DEBUG - [短期] N=21 k=12.000000  ann_ret=-0.416959  ann_vol=0.209916  sharpe=-2.200682
2025-09-01 15:51:04,077 - DEBUG - [中期] 起止: 2024-09-03 -> 2025-09-01  首末: 70.339996->64.370003  R=-0.084873
2025-09-01 15:51:04,077 - DEBUG - [中期] N=251 k=1.003984  ann_ret=-0.085197  ann_vol=0.333348  sharpe=-0.390573
2025-09-01 15:51:04,077 - DEBUG - [长期] 起止: 2020-09-01 -> 2025-09-01  首末: 42.759998->64.370003  R=0.505379
2025-09-01 15:51:04,077 - DEBUG - [长期] N=1257 k=0.200477  ann_ret=0.085460  ann_vol=0.370318  sharpe=0.109258
2025-09-01 15:51:04,080 - DEBUG - 
===== HG=F | 铜期货 =====
2025-09-01 15:51:04,080 - DEBUG - [Close] 结束日期: 2025-09-01  当前值: 4.599500
2025-09-01 15:51:04,081 - DEBUG - [短期] 起止: 2025-08-01 -> 2025-09-01  首末: 4.412500->4.599500  R=0.042380
2025-09-01 15:51:04,081 - DEBUG - [短期] N=21 k=12.000000  ann_ret=0.645550  ann_vol=0.148230  sharpe=4.051467
2025-09-01 15:51:04,082 - DEBUG - [中期] 起止: 2024-09-03 -> 2025-09-01  首末: 4.032000->4.599500  R=0.140749
2025-09-01 15:51:04,082 - DEBUG - [中期] N=251 k=1.003984  ann_ret=0.141348  ann_vol=0.365455  sharpe=0.263637
2025-09-01 15:51:04,082 - DEBUG - [长期] 起止: 2020-09-01 -> 2025-09-01  首末: 3.009500->4.599500  R=0.528327
2025-09-01 15:51:04,082 - DEBUG - [长期] N=1258 k=0.200318  ann_ret=0.088684  ann_vol=0.272275  sharpe=0.160440
2025-09-01 15:51:04,084 - DEBUG - 
===== GLD | 上海金基准价（晚盘价） =====
2025-09-01 15:51:04,084 - DEBUG - [晚盘价] 结束日期: 2025-08-28  当前值: 782.170000
2025-09-01 15:51:04,084 - DEBUG - [短期] 起止: 2025-07-28 -> 2025-08-28  首末: 767.850000->782.170000  R=0.018649
2025-09-01 15:51:04,084 - DEBUG - [短期] N=23 k=10.956522  ann_ret=0.224401  ann_vol=0.071598  sharpe=2.505656
2025-09-01 15:51:04,085 - DEBUG - [中期] 起止: 2024-08-28 -> 2025-08-28  首末: 574.160000->782.170000  R=0.362286
2025-09-01 15:51:04,085 - DEBUG - [中期] N=242 k=1.041322  ann_ret=0.379801  ann_vol=0.150701  sharpe=2.221632
2025-09-01 15:51:04,085 - DEBUG - [长期] 起止: 2020-08-30 -> 2025-08-28  首末: 419.140000->782.170000  R=0.866131
2025-09-01 15:51:04,085 - DEBUG - [长期] N=1213 k=0.207749  ann_ret=0.138382  ann_vol=0.126022  sharpe=0.741000
2025-09-01 15:51:15,001 - DEBUG - 
===== GLD | 黄金ETF =====
2025-09-01 15:51:15,001 - DEBUG - [Close] 结束日期: 2025-08-29  当前值: 318.070007
2025-09-01 15:51:15,002 - DEBUG - [短期] 起止: 2025-07-29 -> 2025-08-29  首末: 306.250000->318.070007  R=0.038596
2025-09-01 15:51:15,002 - DEBUG - [短期] N=23 k=10.956522  ann_ret=0.514251  ann_vol=0.132363  sharpe=3.545180
2025-09-01 15:51:15,002 - DEBUG - [中期] 起止: 2024-08-29 -> 2025-08-29  首末: 232.949997->318.070007  R=0.365400
2025-09-01 15:51:15,002 - DEBUG - [中期] N=250 k=1.008000  ann_ret=0.368807  ann_vol=0.174270  sharpe=1.858075
2025-09-01 15:51:15,003 - DEBUG - [长期] 起止: 2020-08-31 -> 2025-08-29  首末: 184.830002->318.070007  R=0.720879
2025-09-01 15:51:15,003 - DEBUG - [长期] N=1255 k=0.200797  ann_ret=0.115162  ann_vol=0.150492  sharpe=0.466218
2025-09-01 15:51:15,005 - DEBUG - 
===== CL=F | 原油期货 =====
2025-09-01 15:51:15,005 - DEBUG - [Close] 结束日期: 2025-09-01  当前值: 64.370003
2025-09-01 15:51:15,006 - DEBUG - [短期] 起止: 2025-08-01 -> 2025-09-01  首末: 67.330002->64.370003  R=-0.043963
2025-09-01 15:51:15,006 - DEBUG - [短期] N=21 k=12.000000  ann_ret=-0.416959  ann_vol=0.209916  sharpe=-2.200682
2025-09-01 15:51:15,006 - DEBUG - [中期] 起止: 2024-09-03 -> 2025-09-01  首末: 70.339996->64.370003  R=-0.084873
2025-09-01 15:51:15,006 - DEBUG - [中期] N=251 k=1.003984  ann_ret=-0.085197  ann_vol=0.333348  sharpe=-0.390573
2025-09-01 15:51:15,007 - DEBUG - [长期] 起止: 2020-09-01 -> 2025-09-01  首末: 42.759998->64.370003  R=0.505379
2025-09-01 15:51:15,007 - DEBUG - [长期] N=1257 k=0.200477  ann_ret=0.085460  ann_vol=0.370318  sharpe=0.109258
2025-09-01 15:51:15,009 - DEBUG - 
===== HG=F | 铜期货 =====
2025-09-01 15:51:15,009 - DEBUG - [Close] 结束日期: 2025-09-01  当前值: 4.599500
2025-09-01 15:51:15,009 - DEBUG - [短期] 起止: 2025-08-01 -> 2025-09-01  首末: 4.412500->4.599500  R=0.042380
2025-09-01 15:51:15,009 - DEBUG - [短期] N=21 k=12.000000  ann_ret=0.645550  ann_vol=0.148230  sharpe=4.051467
2025-09-01 15:51:15,010 - DEBUG - [中期] 起止: 2024-09-03 -> 2025-09-01  首末: 4.032000->4.599500  R=0.140749
2025-09-01 15:51:15,010 - DEBUG - [中期] N=251 k=1.003984  ann_ret=0.141348  ann_vol=0.365455  sharpe=0.263637
2025-09-01 15:51:15,010 - DEBUG - [长期] 起止: 2020-09-01 -> 2025-09-01  首末: 3.009500->4.599500  R=0.528327
2025-09-01 15:51:15,010 - DEBUG - [长期] N=1258 k=0.200318  ann_ret=0.088684  ann_vol=0.272275  sharpe=0.160440
2025-09-01 15:51:15,012 - DEBUG - 
===== GLD | 上海金基准价（晚盘价） =====
2025-09-01 15:51:15,012 - DEBUG - [晚盘价] 结束日期: 2025-08-28  当前值: 782.170000
2025-09-01 15:51:15,012 - DEBUG - [短期] 起止: 2025-07-28 -> 2025-08-28  首末: 767.850000->782.170000  R=0.018649
2025-09-01 15:51:15,012 - DEBUG - [短期] N=23 k=10.956522  ann_ret=0.224401  ann_vol=0.071598  sharpe=2.505656
2025-09-01 15:51:15,013 - DEBUG - [中期] 起止: 2024-08-28 -> 2025-08-28  首末: 574.160000->782.170000  R=0.362286
2025-09-01 15:51:15,013 - DEBUG - [中期] N=242 k=1.041322  ann_ret=0.379801  ann_vol=0.150701  sharpe=2.221632
2025-09-01 15:51:15,013 - DEBUG - [长期] 起止: 2020-08-30 -> 2025-08-28  首末: 419.140000->782.170000  R=0.866131
2025-09-01 15:51:15,013 - DEBUG - [长期] N=1213 k=0.207749  ann_ret=0.138382  ann_vol=0.126022  sharpe=0.741000
2025-09-01 15:56:10,569 - DEBUG - 
===== GLD | 黄金ETF =====
2025-09-01 15:56:10,569 - DEBUG - [Close] 结束日期: 2025-08-29  当前值: 318.070007
2025-09-01 15:56:10,571 - DEBUG - [短期] 起止: 2025-07-29 -> 2025-08-29  首末: 306.250000->318.070007  R=0.038596
2025-09-01 15:56:10,571 - DEBUG - [短期] N=23 k=10.956522  ann_ret=0.514251  ann_vol=0.132363  sharpe=3.545180
2025-09-01 15:56:10,572 - DEBUG - [中期] 起止: 2024-08-29 -> 2025-08-29  首末: 232.949997->318.070007  R=0.365400
2025-09-01 15:56:10,572 - DEBUG - [中期] N=250 k=1.008000  ann_ret=0.368807  ann_vol=0.174270  sharpe=1.858075
2025-09-01 15:56:10,573 - DEBUG - [长期] 起止: 2020-08-31 -> 2025-08-29  首末: 184.830002->318.070007  R=0.720879
2025-09-01 15:56:10,574 - DEBUG - [长期] N=1255 k=0.200797  ann_ret=0.115162  ann_vol=0.150492  sharpe=0.466218
2025-09-01 15:56:10,577 - DEBUG - 
===== CL=F | 原油期货 =====
2025-09-01 15:56:10,578 - DEBUG - [Close] 结束日期: 2025-09-01  当前值: 64.400002
2025-09-01 15:56:10,578 - DEBUG - [短期] 起止: 2025-08-01 -> 2025-09-01  首末: 67.330002->64.400002  R=-0.043517
2025-09-01 15:56:10,578 - DEBUG - [短期] N=21 k=12.000000  ann_ret=-0.413690  ann_vol=0.210139  sharpe=-2.182799
2025-09-01 15:56:10,579 - DEBUG - [中期] 起止: 2024-09-03 -> 2025-09-01  首末: 70.339996->64.400002  R=-0.084447
2025-09-01 15:56:10,579 - DEBUG - [中期] N=251 k=1.003984  ann_ret=-0.084769  ann_vol=0.333356  sharpe=-0.389279
2025-09-01 15:56:10,579 - DEBUG - [长期] 起止: 2020-09-01 -> 2025-09-01  首末: 42.759998->64.400002  R=0.506081
2025-09-01 15:56:10,579 - DEBUG - [长期] N=1257 k=0.200477  ann_ret=0.085562  ann_vol=0.370320  sharpe=0.109532
2025-09-01 15:56:10,581 - DEBUG - 
===== HG=F | 铜期货 =====
2025-09-01 15:56:10,581 - DEBUG - [Close] 结束日期: 2025-09-01  当前值: 4.604000
2025-09-01 15:56:10,582 - DEBUG - [短期] 起止: 2025-08-01 -> 2025-09-01  首末: 4.412500->4.604000  R=0.043399
2025-09-01 15:56:10,582 - DEBUG - [短期] N=21 k=12.000000  ann_ret=0.664974  ann_vol=0.149611  sharpe=4.143915
2025-09-01 15:56:10,582 - DEBUG - [中期] 起止: 2024-09-03 -> 2025-09-01  首末: 4.032000->4.604000  R=0.141865
2025-09-01 15:56:10,582 - DEBUG - [中期] N=251 k=1.003984  ann_ret=0.142469  ann_vol=0.365504  sharpe=0.266670
2025-09-01 15:56:10,582 - DEBUG - [长期] 起止: 2020-09-01 -> 2025-09-01  首末: 3.009500->4.604000  R=0.529822
2025-09-01 15:56:10,583 - DEBUG - [长期] N=1258 k=0.200318  ann_ret=0.088897  ann_vol=0.272289  sharpe=0.161216
2025-09-01 15:56:10,584 - DEBUG - 
===== GLD | 上海金基准价（晚盘价） =====
2025-09-01 15:56:10,584 - DEBUG - [晚盘价] 结束日期: 2025-08-28  当前值: 782.170000
2025-09-01 15:56:10,584 - DEBUG - [短期] 起止: 2025-07-28 -> 2025-08-28  首末: 767.850000->782.170000  R=0.018649
2025-09-01 15:56:10,585 - DEBUG - [短期] N=23 k=10.956522  ann_ret=0.224401  ann_vol=0.071598  sharpe=2.505656
2025-09-01 15:56:10,585 - DEBUG - [中期] 起止: 2024-08-28 -> 2025-08-28  首末: 574.160000->782.170000  R=0.362286
2025-09-01 15:56:10,585 - DEBUG - [中期] N=242 k=1.041322  ann_ret=0.379801  ann_vol=0.150701  sharpe=2.221632
2025-09-01 15:56:10,585 - DEBUG - [长期] 起止: 2020-08-30 -> 2025-08-28  首末: 419.140000->782.170000  R=0.866131
2025-09-01 15:56:10,585 - DEBUG - [长期] N=1213 k=0.207749  ann_ret=0.138382  ann_vol=0.126022  sharpe=0.741000
